   0  $accept : programa $end

   1  programa : listaDefiniciones VOID MAIN '(' ')' '{' listaCampos listaSentencias '}'

   2  listaDefiniciones : listaDefiniciones definicion
   3                    |

   4  definicion : defVariable
   5             | defFuncion
   6             | defStruct

   7  listaCampos : listaCampos campos
   8              |

   9  campos : defVariable
  10         | defStruct

  11  defStruct : STRUCT '{' listaDefVariables '}' ID PUNTOYCOMA

  12  listaDefVariables : listaDefVariables defVariable
  13                    |

  14  defVariable : tipo listaIds PUNTOYCOMA

  15  defFuncion : VOID ID '(' param ')' '{' listaCampos listaSentencias '}'
  16             | tipo ID '(' param ')' '{' listaCampos listaSentencias '}'

  17  tipo : INT
  18       | DOUBLE
  19       | CHAR
  20       | tipo '[' CTE_ENTERA ']'

  21  listaExpresiones : expresion
  22                   | listaExpresiones COMA expresion

  23  expresion : '(' expresion ')'
  24            | CTE_ENTERA
  25            | CTE_CARACTER
  26            | CTE_REAL
  27            | ID
  28            | '(' tipo ')' expresion
  29            | expresion '[' expresion ']'
  30            | expresion '.' ID
  31            | ID '(' argumentos ')'
  32            | operacion

  33  operacion : expresion '+' expresion
  34            | expresion '*' expresion
  35            | expresion '-' expresion
  36            | expresion '/' expresion
  37            | expresion '%' expresion
  38            | expresion '>' expresion
  39            | expresion MAYORIGUAL expresion
  40            | expresion IGUAL expresion
  41            | expresion DISTINTO expresion
  42            | expresion '<' expresion
  43            | expresion MENORIGUAL expresion
  44            | expresion AND expresion
  45            | expresion OR expresion
  46            | '!' expresion
  47            | '-' expresion

  48  argumentos :
  49             | listaExpresiones

  50  listaSentencias : listaSentencias sentencia
  51                  |

  52  sentencia : WRITE listaExpresiones PUNTOYCOMA
  53            | READ listaExpresiones PUNTOYCOMA
  54            | WHILE '(' expresion ')' cuerpo
  55            | IF '(' expresion ')' cuerpo
  56            | IF '(' expresion ')' cuerpo ELSE cuerpo
  57            | RETURN expresion PUNTOYCOMA
  58            | expresion '=' expresion PUNTOYCOMA
  59            | ID '(' argumentos ')' PUNTOYCOMA

  60  cuerpo : '{' listaSentencias '}'
  61         | sentencia

  62  param : parametros
  63        |

  64  parametros : parametros COMA parametro
  65             | parametro

  66  parametro : tipo ID

  67  listaIds : listaIds COMA ID
  68           | ID

state 0
	$accept : . programa $end  (0)
	listaDefiniciones : .  (3)

	.  reduce 3

	programa  goto 1
	listaDefiniciones  goto 2


state 1
	$accept : programa . $end  (0)

	$end  accept


state 2
	programa : listaDefiniciones . VOID MAIN '(' ')' '{' listaCampos listaSentencias '}'  (1)
	listaDefiniciones : listaDefiniciones . definicion  (2)

	VOID  shift 3
	INT  shift 4
	CHAR  shift 5
	DOUBLE  shift 6
	STRUCT  shift 7
	.  error

	definicion  goto 8
	defVariable  goto 9
	defFuncion  goto 10
	defStruct  goto 11
	tipo  goto 12


state 3
	programa : listaDefiniciones VOID . MAIN '(' ')' '{' listaCampos listaSentencias '}'  (1)
	defFuncion : VOID . ID '(' param ')' '{' listaCampos listaSentencias '}'  (15)

	ID  shift 13
	MAIN  shift 14
	.  error


state 4
	tipo : INT .  (17)

	.  reduce 17


state 5
	tipo : CHAR .  (19)

	.  reduce 19


state 6
	tipo : DOUBLE .  (18)

	.  reduce 18


state 7
	defStruct : STRUCT . '{' listaDefVariables '}' ID PUNTOYCOMA  (11)

	'{'  shift 15
	.  error


state 8
	listaDefiniciones : listaDefiniciones definicion .  (2)

	.  reduce 2


state 9
	definicion : defVariable .  (4)

	.  reduce 4


state 10
	definicion : defFuncion .  (5)

	.  reduce 5


state 11
	definicion : defStruct .  (6)

	.  reduce 6


state 12
	defVariable : tipo . listaIds PUNTOYCOMA  (14)
	defFuncion : tipo . ID '(' param ')' '{' listaCampos listaSentencias '}'  (16)
	tipo : tipo . '[' CTE_ENTERA ']'  (20)

	ID  shift 16
	'['  shift 17
	.  error

	listaIds  goto 18


state 13
	defFuncion : VOID ID . '(' param ')' '{' listaCampos listaSentencias '}'  (15)

	'('  shift 19
	.  error


state 14
	programa : listaDefiniciones VOID MAIN . '(' ')' '{' listaCampos listaSentencias '}'  (1)

	'('  shift 20
	.  error


state 15
	defStruct : STRUCT '{' . listaDefVariables '}' ID PUNTOYCOMA  (11)
	listaDefVariables : .  (13)

	.  reduce 13

	listaDefVariables  goto 21


state 16
	defFuncion : tipo ID . '(' param ')' '{' listaCampos listaSentencias '}'  (16)
	listaIds : ID .  (68)

	'('  shift 22
	PUNTOYCOMA  reduce 68
	COMA  reduce 68


state 17
	tipo : tipo '[' . CTE_ENTERA ']'  (20)

	CTE_ENTERA  shift 23
	.  error


state 18
	defVariable : tipo listaIds . PUNTOYCOMA  (14)
	listaIds : listaIds . COMA ID  (67)

	PUNTOYCOMA  shift 24
	COMA  shift 25
	.  error


state 19
	defFuncion : VOID ID '(' . param ')' '{' listaCampos listaSentencias '}'  (15)
	param : .  (63)

	INT  shift 4
	CHAR  shift 5
	DOUBLE  shift 6
	')'  reduce 63

	tipo  goto 26
	param  goto 27
	parametros  goto 28
	parametro  goto 29


state 20
	programa : listaDefiniciones VOID MAIN '(' . ')' '{' listaCampos listaSentencias '}'  (1)

	')'  shift 30
	.  error


state 21
	defStruct : STRUCT '{' listaDefVariables . '}' ID PUNTOYCOMA  (11)
	listaDefVariables : listaDefVariables . defVariable  (12)

	INT  shift 4
	CHAR  shift 5
	DOUBLE  shift 6
	'}'  shift 31
	.  error

	defVariable  goto 32
	tipo  goto 33


state 22
	defFuncion : tipo ID '(' . param ')' '{' listaCampos listaSentencias '}'  (16)
	param : .  (63)

	INT  shift 4
	CHAR  shift 5
	DOUBLE  shift 6
	')'  reduce 63

	tipo  goto 26
	param  goto 34
	parametros  goto 28
	parametro  goto 29


state 23
	tipo : tipo '[' CTE_ENTERA . ']'  (20)

	']'  shift 35
	.  error


state 24
	defVariable : tipo listaIds PUNTOYCOMA .  (14)

	.  reduce 14


state 25
	listaIds : listaIds COMA . ID  (67)

	ID  shift 36
	.  error


state 26
	tipo : tipo . '[' CTE_ENTERA ']'  (20)
	parametro : tipo . ID  (66)

	ID  shift 37
	'['  shift 17
	.  error


state 27
	defFuncion : VOID ID '(' param . ')' '{' listaCampos listaSentencias '}'  (15)

	')'  shift 38
	.  error


state 28
	param : parametros .  (62)
	parametros : parametros . COMA parametro  (64)

	COMA  shift 39
	')'  reduce 62


state 29
	parametros : parametro .  (65)

	.  reduce 65


state 30
	programa : listaDefiniciones VOID MAIN '(' ')' . '{' listaCampos listaSentencias '}'  (1)

	'{'  shift 40
	.  error


state 31
	defStruct : STRUCT '{' listaDefVariables '}' . ID PUNTOYCOMA  (11)

	ID  shift 41
	.  error


state 32
	listaDefVariables : listaDefVariables defVariable .  (12)

	.  reduce 12


state 33
	defVariable : tipo . listaIds PUNTOYCOMA  (14)
	tipo : tipo . '[' CTE_ENTERA ']'  (20)

	ID  shift 42
	'['  shift 17
	.  error

	listaIds  goto 18


state 34
	defFuncion : tipo ID '(' param . ')' '{' listaCampos listaSentencias '}'  (16)

	')'  shift 43
	.  error


state 35
	tipo : tipo '[' CTE_ENTERA ']' .  (20)

	.  reduce 20


state 36
	listaIds : listaIds COMA ID .  (67)

	.  reduce 67


state 37
	parametro : tipo ID .  (66)

	.  reduce 66


state 38
	defFuncion : VOID ID '(' param ')' . '{' listaCampos listaSentencias '}'  (15)

	'{'  shift 44
	.  error


state 39
	parametros : parametros COMA . parametro  (64)

	INT  shift 4
	CHAR  shift 5
	DOUBLE  shift 6
	.  error

	tipo  goto 26
	parametro  goto 45


state 40
	programa : listaDefiniciones VOID MAIN '(' ')' '{' . listaCampos listaSentencias '}'  (1)
	listaCampos : .  (8)

	.  reduce 8

	listaCampos  goto 46


state 41
	defStruct : STRUCT '{' listaDefVariables '}' ID . PUNTOYCOMA  (11)

	PUNTOYCOMA  shift 47
	.  error


state 42
	listaIds : ID .  (68)

	.  reduce 68


state 43
	defFuncion : tipo ID '(' param ')' . '{' listaCampos listaSentencias '}'  (16)

	'{'  shift 48
	.  error


state 44
	defFuncion : VOID ID '(' param ')' '{' . listaCampos listaSentencias '}'  (15)
	listaCampos : .  (8)

	.  reduce 8

	listaCampos  goto 49


state 45
	parametros : parametros COMA parametro .  (64)

	.  reduce 64


state 46
	programa : listaDefiniciones VOID MAIN '(' ')' '{' listaCampos . listaSentencias '}'  (1)
	listaCampos : listaCampos . campos  (7)
	listaSentencias : .  (51)

	INT  shift 4
	CHAR  shift 5
	DOUBLE  shift 6
	STRUCT  shift 7
	CTE_ENTERA  reduce 51
	CTE_REAL  reduce 51
	CTE_CARACTER  reduce 51
	ID  reduce 51
	WHILE  reduce 51
	IF  reduce 51
	READ  reduce 51
	WRITE  reduce 51
	RETURN  reduce 51
	'!'  reduce 51
	'-'  reduce 51
	'('  reduce 51
	'}'  reduce 51

	listaSentencias  goto 50
	defVariable  goto 51
	defStruct  goto 52
	campos  goto 53
	tipo  goto 33


state 47
	defStruct : STRUCT '{' listaDefVariables '}' ID PUNTOYCOMA .  (11)

	.  reduce 11


state 48
	defFuncion : tipo ID '(' param ')' '{' . listaCampos listaSentencias '}'  (16)
	listaCampos : .  (8)

	.  reduce 8

	listaCampos  goto 54


state 49
	listaCampos : listaCampos . campos  (7)
	defFuncion : VOID ID '(' param ')' '{' listaCampos . listaSentencias '}'  (15)
	listaSentencias : .  (51)

	INT  shift 4
	CHAR  shift 5
	DOUBLE  shift 6
	STRUCT  shift 7
	CTE_ENTERA  reduce 51
	CTE_REAL  reduce 51
	CTE_CARACTER  reduce 51
	ID  reduce 51
	WHILE  reduce 51
	IF  reduce 51
	READ  reduce 51
	WRITE  reduce 51
	RETURN  reduce 51
	'!'  reduce 51
	'-'  reduce 51
	'('  reduce 51
	'}'  reduce 51

	listaSentencias  goto 55
	defVariable  goto 51
	defStruct  goto 52
	campos  goto 53
	tipo  goto 33


state 50
	programa : listaDefiniciones VOID MAIN '(' ')' '{' listaCampos listaSentencias . '}'  (1)
	listaSentencias : listaSentencias . sentencia  (50)

	CTE_ENTERA  shift 56
	CTE_REAL  shift 57
	CTE_CARACTER  shift 58
	ID  shift 59
	WHILE  shift 60
	IF  shift 61
	READ  shift 62
	WRITE  shift 63
	RETURN  shift 64
	'!'  shift 65
	'-'  shift 66
	'('  shift 67
	'}'  shift 68
	.  error

	expresion  goto 69
	operacion  goto 70
	sentencia  goto 71


state 51
	campos : defVariable .  (9)

	.  reduce 9


state 52
	campos : defStruct .  (10)

	.  reduce 10


state 53
	listaCampos : listaCampos campos .  (7)

	.  reduce 7


state 54
	listaCampos : listaCampos . campos  (7)
	defFuncion : tipo ID '(' param ')' '{' listaCampos . listaSentencias '}'  (16)
	listaSentencias : .  (51)

	INT  shift 4
	CHAR  shift 5
	DOUBLE  shift 6
	STRUCT  shift 7
	CTE_ENTERA  reduce 51
	CTE_REAL  reduce 51
	CTE_CARACTER  reduce 51
	ID  reduce 51
	WHILE  reduce 51
	IF  reduce 51
	READ  reduce 51
	WRITE  reduce 51
	RETURN  reduce 51
	'!'  reduce 51
	'-'  reduce 51
	'('  reduce 51
	'}'  reduce 51

	listaSentencias  goto 72
	defVariable  goto 51
	defStruct  goto 52
	campos  goto 53
	tipo  goto 33


state 55
	defFuncion : VOID ID '(' param ')' '{' listaCampos listaSentencias . '}'  (15)
	listaSentencias : listaSentencias . sentencia  (50)

	CTE_ENTERA  shift 56
	CTE_REAL  shift 57
	CTE_CARACTER  shift 58
	ID  shift 59
	WHILE  shift 60
	IF  shift 61
	READ  shift 62
	WRITE  shift 63
	RETURN  shift 64
	'!'  shift 65
	'-'  shift 66
	'('  shift 67
	'}'  shift 73
	.  error

	expresion  goto 69
	operacion  goto 70
	sentencia  goto 71


state 56
	expresion : CTE_ENTERA .  (24)

	.  reduce 24


state 57
	expresion : CTE_REAL .  (26)

	.  reduce 26


state 58
	expresion : CTE_CARACTER .  (25)

	.  reduce 25


state 59
	expresion : ID .  (27)
	expresion : ID . '(' argumentos ')'  (31)
	sentencia : ID . '(' argumentos ')' PUNTOYCOMA  (59)

	'('  shift 74
	AND  reduce 27
	DISTINTO  reduce 27
	MAYORIGUAL  reduce 27
	MENORIGUAL  reduce 27
	OR  reduce 27
	IGUAL  reduce 27
	'='  reduce 27
	'>'  reduce 27
	'<'  reduce 27
	'+'  reduce 27
	'-'  reduce 27
	'*'  reduce 27
	'/'  reduce 27
	'%'  reduce 27
	'['  reduce 27
	'.'  reduce 27


state 60
	sentencia : WHILE . '(' expresion ')' cuerpo  (54)

	'('  shift 75
	.  error


state 61
	sentencia : IF . '(' expresion ')' cuerpo  (55)
	sentencia : IF . '(' expresion ')' cuerpo ELSE cuerpo  (56)

	'('  shift 76
	.  error


state 62
	sentencia : READ . listaExpresiones PUNTOYCOMA  (53)

	CTE_ENTERA  shift 56
	CTE_REAL  shift 57
	CTE_CARACTER  shift 58
	ID  shift 77
	'!'  shift 65
	'-'  shift 66
	'('  shift 67
	.  error

	listaExpresiones  goto 78
	expresion  goto 79
	operacion  goto 70


state 63
	sentencia : WRITE . listaExpresiones PUNTOYCOMA  (52)

	CTE_ENTERA  shift 56
	CTE_REAL  shift 57
	CTE_CARACTER  shift 58
	ID  shift 77
	'!'  shift 65
	'-'  shift 66
	'('  shift 67
	.  error

	listaExpresiones  goto 80
	expresion  goto 79
	operacion  goto 70


state 64
	sentencia : RETURN . expresion PUNTOYCOMA  (57)

	CTE_ENTERA  shift 56
	CTE_REAL  shift 57
	CTE_CARACTER  shift 58
	ID  shift 77
	'!'  shift 65
	'-'  shift 66
	'('  shift 67
	.  error

	expresion  goto 81
	operacion  goto 70


state 65
	operacion : '!' . expresion  (46)

	CTE_ENTERA  shift 56
	CTE_REAL  shift 57
	CTE_CARACTER  shift 58
	ID  shift 77
	'!'  shift 65
	'-'  shift 66
	'('  shift 67
	.  error

	expresion  goto 82
	operacion  goto 70


state 66
	operacion : '-' . expresion  (47)

	CTE_ENTERA  shift 56
	CTE_REAL  shift 57
	CTE_CARACTER  shift 58
	ID  shift 77
	'!'  shift 65
	'-'  shift 66
	'('  shift 67
	.  error

	expresion  goto 83
	operacion  goto 70


state 67
	expresion : '(' . expresion ')'  (23)
	expresion : '(' . tipo ')' expresion  (28)

	CTE_ENTERA  shift 56
	CTE_REAL  shift 57
	CTE_CARACTER  shift 58
	ID  shift 77
	INT  shift 4
	CHAR  shift 5
	DOUBLE  shift 6
	'!'  shift 65
	'-'  shift 66
	'('  shift 67
	.  error

	tipo  goto 84
	expresion  goto 85
	operacion  goto 70


state 68
	programa : listaDefiniciones VOID MAIN '(' ')' '{' listaCampos listaSentencias '}' .  (1)

	.  reduce 1


state 69
	expresion : expresion . '[' expresion ']'  (29)
	expresion : expresion . '.' ID  (30)
	operacion : expresion . '+' expresion  (33)
	operacion : expresion . '*' expresion  (34)
	operacion : expresion . '-' expresion  (35)
	operacion : expresion . '/' expresion  (36)
	operacion : expresion . '%' expresion  (37)
	operacion : expresion . '>' expresion  (38)
	operacion : expresion . MAYORIGUAL expresion  (39)
	operacion : expresion . IGUAL expresion  (40)
	operacion : expresion . DISTINTO expresion  (41)
	operacion : expresion . '<' expresion  (42)
	operacion : expresion . MENORIGUAL expresion  (43)
	operacion : expresion . AND expresion  (44)
	operacion : expresion . OR expresion  (45)
	sentencia : expresion . '=' expresion PUNTOYCOMA  (58)

	AND  shift 86
	DISTINTO  shift 87
	MAYORIGUAL  shift 88
	MENORIGUAL  shift 89
	OR  shift 90
	IGUAL  shift 91
	'='  shift 92
	'>'  shift 93
	'<'  shift 94
	'+'  shift 95
	'-'  shift 96
	'*'  shift 97
	'/'  shift 98
	'%'  shift 99
	'['  shift 100
	'.'  shift 101
	.  error


state 70
	expresion : operacion .  (32)

	.  reduce 32


state 71
	listaSentencias : listaSentencias sentencia .  (50)

	.  reduce 50


state 72
	defFuncion : tipo ID '(' param ')' '{' listaCampos listaSentencias . '}'  (16)
	listaSentencias : listaSentencias . sentencia  (50)

	CTE_ENTERA  shift 56
	CTE_REAL  shift 57
	CTE_CARACTER  shift 58
	ID  shift 59
	WHILE  shift 60
	IF  shift 61
	READ  shift 62
	WRITE  shift 63
	RETURN  shift 64
	'!'  shift 65
	'-'  shift 66
	'('  shift 67
	'}'  shift 102
	.  error

	expresion  goto 69
	operacion  goto 70
	sentencia  goto 71


state 73
	defFuncion : VOID ID '(' param ')' '{' listaCampos listaSentencias '}' .  (15)

	.  reduce 15


state 74
	expresion : ID '(' . argumentos ')'  (31)
	sentencia : ID '(' . argumentos ')' PUNTOYCOMA  (59)
	argumentos : .  (48)

	CTE_ENTERA  shift 56
	CTE_REAL  shift 57
	CTE_CARACTER  shift 58
	ID  shift 77
	'!'  shift 65
	'-'  shift 66
	'('  shift 67
	')'  reduce 48

	listaExpresiones  goto 103
	expresion  goto 79
	argumentos  goto 104
	operacion  goto 70


state 75
	sentencia : WHILE '(' . expresion ')' cuerpo  (54)

	CTE_ENTERA  shift 56
	CTE_REAL  shift 57
	CTE_CARACTER  shift 58
	ID  shift 77
	'!'  shift 65
	'-'  shift 66
	'('  shift 67
	.  error

	expresion  goto 105
	operacion  goto 70


state 76
	sentencia : IF '(' . expresion ')' cuerpo  (55)
	sentencia : IF '(' . expresion ')' cuerpo ELSE cuerpo  (56)

	CTE_ENTERA  shift 56
	CTE_REAL  shift 57
	CTE_CARACTER  shift 58
	ID  shift 77
	'!'  shift 65
	'-'  shift 66
	'('  shift 67
	.  error

	expresion  goto 106
	operacion  goto 70


state 77
	expresion : ID .  (27)
	expresion : ID . '(' argumentos ')'  (31)

	'('  shift 107
	AND  reduce 27
	DISTINTO  reduce 27
	MAYORIGUAL  reduce 27
	MENORIGUAL  reduce 27
	OR  reduce 27
	IGUAL  reduce 27
	PUNTOYCOMA  reduce 27
	COMA  reduce 27
	'='  reduce 27
	'>'  reduce 27
	'<'  reduce 27
	'+'  reduce 27
	'-'  reduce 27
	'*'  reduce 27
	'/'  reduce 27
	'%'  reduce 27
	'['  reduce 27
	']'  reduce 27
	')'  reduce 27
	'.'  reduce 27


state 78
	listaExpresiones : listaExpresiones . COMA expresion  (22)
	sentencia : READ listaExpresiones . PUNTOYCOMA  (53)

	PUNTOYCOMA  shift 108
	COMA  shift 109
	.  error


state 79
	listaExpresiones : expresion .  (21)
	expresion : expresion . '[' expresion ']'  (29)
	expresion : expresion . '.' ID  (30)
	operacion : expresion . '+' expresion  (33)
	operacion : expresion . '*' expresion  (34)
	operacion : expresion . '-' expresion  (35)
	operacion : expresion . '/' expresion  (36)
	operacion : expresion . '%' expresion  (37)
	operacion : expresion . '>' expresion  (38)
	operacion : expresion . MAYORIGUAL expresion  (39)
	operacion : expresion . IGUAL expresion  (40)
	operacion : expresion . DISTINTO expresion  (41)
	operacion : expresion . '<' expresion  (42)
	operacion : expresion . MENORIGUAL expresion  (43)
	operacion : expresion . AND expresion  (44)
	operacion : expresion . OR expresion  (45)

	AND  shift 86
	DISTINTO  shift 87
	MAYORIGUAL  shift 88
	MENORIGUAL  shift 89
	OR  shift 90
	IGUAL  shift 91
	'>'  shift 93
	'<'  shift 94
	'+'  shift 95
	'-'  shift 96
	'*'  shift 97
	'/'  shift 98
	'%'  shift 99
	'['  shift 100
	'.'  shift 101
	PUNTOYCOMA  reduce 21
	COMA  reduce 21
	')'  reduce 21


state 80
	listaExpresiones : listaExpresiones . COMA expresion  (22)
	sentencia : WRITE listaExpresiones . PUNTOYCOMA  (52)

	PUNTOYCOMA  shift 110
	COMA  shift 109
	.  error


state 81
	expresion : expresion . '[' expresion ']'  (29)
	expresion : expresion . '.' ID  (30)
	operacion : expresion . '+' expresion  (33)
	operacion : expresion . '*' expresion  (34)
	operacion : expresion . '-' expresion  (35)
	operacion : expresion . '/' expresion  (36)
	operacion : expresion . '%' expresion  (37)
	operacion : expresion . '>' expresion  (38)
	operacion : expresion . MAYORIGUAL expresion  (39)
	operacion : expresion . IGUAL expresion  (40)
	operacion : expresion . DISTINTO expresion  (41)
	operacion : expresion . '<' expresion  (42)
	operacion : expresion . MENORIGUAL expresion  (43)
	operacion : expresion . AND expresion  (44)
	operacion : expresion . OR expresion  (45)
	sentencia : RETURN expresion . PUNTOYCOMA  (57)

	AND  shift 86
	DISTINTO  shift 87
	MAYORIGUAL  shift 88
	MENORIGUAL  shift 89
	OR  shift 90
	IGUAL  shift 91
	PUNTOYCOMA  shift 111
	'>'  shift 93
	'<'  shift 94
	'+'  shift 95
	'-'  shift 96
	'*'  shift 97
	'/'  shift 98
	'%'  shift 99
	'['  shift 100
	'.'  shift 101
	.  error


state 82
	expresion : expresion . '[' expresion ']'  (29)
	expresion : expresion . '.' ID  (30)
	operacion : expresion . '+' expresion  (33)
	operacion : expresion . '*' expresion  (34)
	operacion : expresion . '-' expresion  (35)
	operacion : expresion . '/' expresion  (36)
	operacion : expresion . '%' expresion  (37)
	operacion : expresion . '>' expresion  (38)
	operacion : expresion . MAYORIGUAL expresion  (39)
	operacion : expresion . IGUAL expresion  (40)
	operacion : expresion . DISTINTO expresion  (41)
	operacion : expresion . '<' expresion  (42)
	operacion : expresion . MENORIGUAL expresion  (43)
	operacion : expresion . AND expresion  (44)
	operacion : expresion . OR expresion  (45)
	operacion : '!' expresion .  (46)

	DISTINTO  shift 87
	MAYORIGUAL  shift 88
	MENORIGUAL  shift 89
	IGUAL  shift 91
	'>'  shift 93
	'<'  shift 94
	'+'  shift 95
	'-'  shift 96
	'*'  shift 97
	'/'  shift 98
	'%'  shift 99
	'['  shift 100
	'.'  shift 101
	AND  reduce 46
	OR  reduce 46
	PUNTOYCOMA  reduce 46
	COMA  reduce 46
	'='  reduce 46
	']'  reduce 46
	')'  reduce 46


state 83
	expresion : expresion . '[' expresion ']'  (29)
	expresion : expresion . '.' ID  (30)
	operacion : expresion . '+' expresion  (33)
	operacion : expresion . '*' expresion  (34)
	operacion : expresion . '-' expresion  (35)
	operacion : expresion . '/' expresion  (36)
	operacion : expresion . '%' expresion  (37)
	operacion : expresion . '>' expresion  (38)
	operacion : expresion . MAYORIGUAL expresion  (39)
	operacion : expresion . IGUAL expresion  (40)
	operacion : expresion . DISTINTO expresion  (41)
	operacion : expresion . '<' expresion  (42)
	operacion : expresion . MENORIGUAL expresion  (43)
	operacion : expresion . AND expresion  (44)
	operacion : expresion . OR expresion  (45)
	operacion : '-' expresion .  (47)

	'['  shift 100
	'.'  shift 101
	AND  reduce 47
	DISTINTO  reduce 47
	MAYORIGUAL  reduce 47
	MENORIGUAL  reduce 47
	OR  reduce 47
	IGUAL  reduce 47
	PUNTOYCOMA  reduce 47
	COMA  reduce 47
	'='  reduce 47
	'>'  reduce 47
	'<'  reduce 47
	'+'  reduce 47
	'-'  reduce 47
	'*'  reduce 47
	'/'  reduce 47
	'%'  reduce 47
	']'  reduce 47
	')'  reduce 47


state 84
	tipo : tipo . '[' CTE_ENTERA ']'  (20)
	expresion : '(' tipo . ')' expresion  (28)

	'['  shift 17
	')'  shift 112
	.  error


state 85
	expresion : '(' expresion . ')'  (23)
	expresion : expresion . '[' expresion ']'  (29)
	expresion : expresion . '.' ID  (30)
	operacion : expresion . '+' expresion  (33)
	operacion : expresion . '*' expresion  (34)
	operacion : expresion . '-' expresion  (35)
	operacion : expresion . '/' expresion  (36)
	operacion : expresion . '%' expresion  (37)
	operacion : expresion . '>' expresion  (38)
	operacion : expresion . MAYORIGUAL expresion  (39)
	operacion : expresion . IGUAL expresion  (40)
	operacion : expresion . DISTINTO expresion  (41)
	operacion : expresion . '<' expresion  (42)
	operacion : expresion . MENORIGUAL expresion  (43)
	operacion : expresion . AND expresion  (44)
	operacion : expresion . OR expresion  (45)

	AND  shift 86
	DISTINTO  shift 87
	MAYORIGUAL  shift 88
	MENORIGUAL  shift 89
	OR  shift 90
	IGUAL  shift 91
	'>'  shift 93
	'<'  shift 94
	'+'  shift 95
	'-'  shift 96
	'*'  shift 97
	'/'  shift 98
	'%'  shift 99
	'['  shift 100
	')'  shift 113
	'.'  shift 101
	.  error


state 86
	operacion : expresion AND . expresion  (44)

	CTE_ENTERA  shift 56
	CTE_REAL  shift 57
	CTE_CARACTER  shift 58
	ID  shift 77
	'!'  shift 65
	'-'  shift 66
	'('  shift 67
	.  error

	expresion  goto 114
	operacion  goto 70


state 87
	operacion : expresion DISTINTO . expresion  (41)

	CTE_ENTERA  shift 56
	CTE_REAL  shift 57
	CTE_CARACTER  shift 58
	ID  shift 77
	'!'  shift 65
	'-'  shift 66
	'('  shift 67
	.  error

	expresion  goto 115
	operacion  goto 70


state 88
	operacion : expresion MAYORIGUAL . expresion  (39)

	CTE_ENTERA  shift 56
	CTE_REAL  shift 57
	CTE_CARACTER  shift 58
	ID  shift 77
	'!'  shift 65
	'-'  shift 66
	'('  shift 67
	.  error

	expresion  goto 116
	operacion  goto 70


state 89
	operacion : expresion MENORIGUAL . expresion  (43)

	CTE_ENTERA  shift 56
	CTE_REAL  shift 57
	CTE_CARACTER  shift 58
	ID  shift 77
	'!'  shift 65
	'-'  shift 66
	'('  shift 67
	.  error

	expresion  goto 117
	operacion  goto 70


state 90
	operacion : expresion OR . expresion  (45)

	CTE_ENTERA  shift 56
	CTE_REAL  shift 57
	CTE_CARACTER  shift 58
	ID  shift 77
	'!'  shift 65
	'-'  shift 66
	'('  shift 67
	.  error

	expresion  goto 118
	operacion  goto 70


state 91
	operacion : expresion IGUAL . expresion  (40)

	CTE_ENTERA  shift 56
	CTE_REAL  shift 57
	CTE_CARACTER  shift 58
	ID  shift 77
	'!'  shift 65
	'-'  shift 66
	'('  shift 67
	.  error

	expresion  goto 119
	operacion  goto 70


state 92
	sentencia : expresion '=' . expresion PUNTOYCOMA  (58)

	CTE_ENTERA  shift 56
	CTE_REAL  shift 57
	CTE_CARACTER  shift 58
	ID  shift 77
	'!'  shift 65
	'-'  shift 66
	'('  shift 67
	.  error

	expresion  goto 120
	operacion  goto 70


state 93
	operacion : expresion '>' . expresion  (38)

	CTE_ENTERA  shift 56
	CTE_REAL  shift 57
	CTE_CARACTER  shift 58
	ID  shift 77
	'!'  shift 65
	'-'  shift 66
	'('  shift 67
	.  error

	expresion  goto 121
	operacion  goto 70


state 94
	operacion : expresion '<' . expresion  (42)

	CTE_ENTERA  shift 56
	CTE_REAL  shift 57
	CTE_CARACTER  shift 58
	ID  shift 77
	'!'  shift 65
	'-'  shift 66
	'('  shift 67
	.  error

	expresion  goto 122
	operacion  goto 70


state 95
	operacion : expresion '+' . expresion  (33)

	CTE_ENTERA  shift 56
	CTE_REAL  shift 57
	CTE_CARACTER  shift 58
	ID  shift 77
	'!'  shift 65
	'-'  shift 66
	'('  shift 67
	.  error

	expresion  goto 123
	operacion  goto 70


state 96
	operacion : expresion '-' . expresion  (35)

	CTE_ENTERA  shift 56
	CTE_REAL  shift 57
	CTE_CARACTER  shift 58
	ID  shift 77
	'!'  shift 65
	'-'  shift 66
	'('  shift 67
	.  error

	expresion  goto 124
	operacion  goto 70


state 97
	operacion : expresion '*' . expresion  (34)

	CTE_ENTERA  shift 56
	CTE_REAL  shift 57
	CTE_CARACTER  shift 58
	ID  shift 77
	'!'  shift 65
	'-'  shift 66
	'('  shift 67
	.  error

	expresion  goto 125
	operacion  goto 70


state 98
	operacion : expresion '/' . expresion  (36)

	CTE_ENTERA  shift 56
	CTE_REAL  shift 57
	CTE_CARACTER  shift 58
	ID  shift 77
	'!'  shift 65
	'-'  shift 66
	'('  shift 67
	.  error

	expresion  goto 126
	operacion  goto 70


state 99
	operacion : expresion '%' . expresion  (37)

	CTE_ENTERA  shift 56
	CTE_REAL  shift 57
	CTE_CARACTER  shift 58
	ID  shift 77
	'!'  shift 65
	'-'  shift 66
	'('  shift 67
	.  error

	expresion  goto 127
	operacion  goto 70


state 100
	expresion : expresion '[' . expresion ']'  (29)

	CTE_ENTERA  shift 56
	CTE_REAL  shift 57
	CTE_CARACTER  shift 58
	ID  shift 77
	'!'  shift 65
	'-'  shift 66
	'('  shift 67
	.  error

	expresion  goto 128
	operacion  goto 70


state 101
	expresion : expresion '.' . ID  (30)

	ID  shift 129
	.  error


state 102
	defFuncion : tipo ID '(' param ')' '{' listaCampos listaSentencias '}' .  (16)

	.  reduce 16


state 103
	listaExpresiones : listaExpresiones . COMA expresion  (22)
	argumentos : listaExpresiones .  (49)

	COMA  shift 109
	')'  reduce 49


state 104
	expresion : ID '(' argumentos . ')'  (31)
	sentencia : ID '(' argumentos . ')' PUNTOYCOMA  (59)

	')'  shift 130
	.  error


state 105
	expresion : expresion . '[' expresion ']'  (29)
	expresion : expresion . '.' ID  (30)
	operacion : expresion . '+' expresion  (33)
	operacion : expresion . '*' expresion  (34)
	operacion : expresion . '-' expresion  (35)
	operacion : expresion . '/' expresion  (36)
	operacion : expresion . '%' expresion  (37)
	operacion : expresion . '>' expresion  (38)
	operacion : expresion . MAYORIGUAL expresion  (39)
	operacion : expresion . IGUAL expresion  (40)
	operacion : expresion . DISTINTO expresion  (41)
	operacion : expresion . '<' expresion  (42)
	operacion : expresion . MENORIGUAL expresion  (43)
	operacion : expresion . AND expresion  (44)
	operacion : expresion . OR expresion  (45)
	sentencia : WHILE '(' expresion . ')' cuerpo  (54)

	AND  shift 86
	DISTINTO  shift 87
	MAYORIGUAL  shift 88
	MENORIGUAL  shift 89
	OR  shift 90
	IGUAL  shift 91
	'>'  shift 93
	'<'  shift 94
	'+'  shift 95
	'-'  shift 96
	'*'  shift 97
	'/'  shift 98
	'%'  shift 99
	'['  shift 100
	')'  shift 131
	'.'  shift 101
	.  error


state 106
	expresion : expresion . '[' expresion ']'  (29)
	expresion : expresion . '.' ID  (30)
	operacion : expresion . '+' expresion  (33)
	operacion : expresion . '*' expresion  (34)
	operacion : expresion . '-' expresion  (35)
	operacion : expresion . '/' expresion  (36)
	operacion : expresion . '%' expresion  (37)
	operacion : expresion . '>' expresion  (38)
	operacion : expresion . MAYORIGUAL expresion  (39)
	operacion : expresion . IGUAL expresion  (40)
	operacion : expresion . DISTINTO expresion  (41)
	operacion : expresion . '<' expresion  (42)
	operacion : expresion . MENORIGUAL expresion  (43)
	operacion : expresion . AND expresion  (44)
	operacion : expresion . OR expresion  (45)
	sentencia : IF '(' expresion . ')' cuerpo  (55)
	sentencia : IF '(' expresion . ')' cuerpo ELSE cuerpo  (56)

	AND  shift 86
	DISTINTO  shift 87
	MAYORIGUAL  shift 88
	MENORIGUAL  shift 89
	OR  shift 90
	IGUAL  shift 91
	'>'  shift 93
	'<'  shift 94
	'+'  shift 95
	'-'  shift 96
	'*'  shift 97
	'/'  shift 98
	'%'  shift 99
	'['  shift 100
	')'  shift 132
	'.'  shift 101
	.  error


state 107
	expresion : ID '(' . argumentos ')'  (31)
	argumentos : .  (48)

	CTE_ENTERA  shift 56
	CTE_REAL  shift 57
	CTE_CARACTER  shift 58
	ID  shift 77
	'!'  shift 65
	'-'  shift 66
	'('  shift 67
	')'  reduce 48

	listaExpresiones  goto 103
	expresion  goto 79
	argumentos  goto 133
	operacion  goto 70


state 108
	sentencia : READ listaExpresiones PUNTOYCOMA .  (53)

	.  reduce 53


state 109
	listaExpresiones : listaExpresiones COMA . expresion  (22)

	CTE_ENTERA  shift 56
	CTE_REAL  shift 57
	CTE_CARACTER  shift 58
	ID  shift 77
	'!'  shift 65
	'-'  shift 66
	'('  shift 67
	.  error

	expresion  goto 134
	operacion  goto 70


state 110
	sentencia : WRITE listaExpresiones PUNTOYCOMA .  (52)

	.  reduce 52


state 111
	sentencia : RETURN expresion PUNTOYCOMA .  (57)

	.  reduce 57


state 112
	expresion : '(' tipo ')' . expresion  (28)

	CTE_ENTERA  shift 56
	CTE_REAL  shift 57
	CTE_CARACTER  shift 58
	ID  shift 77
	'!'  shift 65
	'-'  shift 66
	'('  shift 67
	.  error

	expresion  goto 135
	operacion  goto 70


state 113
	expresion : '(' expresion ')' .  (23)

	.  reduce 23


state 114
	expresion : expresion . '[' expresion ']'  (29)
	expresion : expresion . '.' ID  (30)
	operacion : expresion . '+' expresion  (33)
	operacion : expresion . '*' expresion  (34)
	operacion : expresion . '-' expresion  (35)
	operacion : expresion . '/' expresion  (36)
	operacion : expresion . '%' expresion  (37)
	operacion : expresion . '>' expresion  (38)
	operacion : expresion . MAYORIGUAL expresion  (39)
	operacion : expresion . IGUAL expresion  (40)
	operacion : expresion . DISTINTO expresion  (41)
	operacion : expresion . '<' expresion  (42)
	operacion : expresion . MENORIGUAL expresion  (43)
	operacion : expresion . AND expresion  (44)
	operacion : expresion AND expresion .  (44)
	operacion : expresion . OR expresion  (45)

	DISTINTO  shift 87
	MAYORIGUAL  shift 88
	MENORIGUAL  shift 89
	IGUAL  shift 91
	'>'  shift 93
	'<'  shift 94
	'+'  shift 95
	'-'  shift 96
	'*'  shift 97
	'/'  shift 98
	'%'  shift 99
	'['  shift 100
	'.'  shift 101
	AND  reduce 44
	OR  reduce 44
	PUNTOYCOMA  reduce 44
	COMA  reduce 44
	'='  reduce 44
	']'  reduce 44
	')'  reduce 44


state 115
	expresion : expresion . '[' expresion ']'  (29)
	expresion : expresion . '.' ID  (30)
	operacion : expresion . '+' expresion  (33)
	operacion : expresion . '*' expresion  (34)
	operacion : expresion . '-' expresion  (35)
	operacion : expresion . '/' expresion  (36)
	operacion : expresion . '%' expresion  (37)
	operacion : expresion . '>' expresion  (38)
	operacion : expresion . MAYORIGUAL expresion  (39)
	operacion : expresion . IGUAL expresion  (40)
	operacion : expresion . DISTINTO expresion  (41)
	operacion : expresion DISTINTO expresion .  (41)
	operacion : expresion . '<' expresion  (42)
	operacion : expresion . MENORIGUAL expresion  (43)
	operacion : expresion . AND expresion  (44)
	operacion : expresion . OR expresion  (45)

	'+'  shift 95
	'-'  shift 96
	'*'  shift 97
	'/'  shift 98
	'%'  shift 99
	'['  shift 100
	'.'  shift 101
	AND  reduce 41
	DISTINTO  reduce 41
	MAYORIGUAL  reduce 41
	MENORIGUAL  reduce 41
	OR  reduce 41
	IGUAL  reduce 41
	PUNTOYCOMA  reduce 41
	COMA  reduce 41
	'='  reduce 41
	'>'  reduce 41
	'<'  reduce 41
	']'  reduce 41
	')'  reduce 41


state 116
	expresion : expresion . '[' expresion ']'  (29)
	expresion : expresion . '.' ID  (30)
	operacion : expresion . '+' expresion  (33)
	operacion : expresion . '*' expresion  (34)
	operacion : expresion . '-' expresion  (35)
	operacion : expresion . '/' expresion  (36)
	operacion : expresion . '%' expresion  (37)
	operacion : expresion . '>' expresion  (38)
	operacion : expresion . MAYORIGUAL expresion  (39)
	operacion : expresion MAYORIGUAL expresion .  (39)
	operacion : expresion . IGUAL expresion  (40)
	operacion : expresion . DISTINTO expresion  (41)
	operacion : expresion . '<' expresion  (42)
	operacion : expresion . MENORIGUAL expresion  (43)
	operacion : expresion . AND expresion  (44)
	operacion : expresion . OR expresion  (45)

	'+'  shift 95
	'-'  shift 96
	'*'  shift 97
	'/'  shift 98
	'%'  shift 99
	'['  shift 100
	'.'  shift 101
	AND  reduce 39
	DISTINTO  reduce 39
	MAYORIGUAL  reduce 39
	MENORIGUAL  reduce 39
	OR  reduce 39
	IGUAL  reduce 39
	PUNTOYCOMA  reduce 39
	COMA  reduce 39
	'='  reduce 39
	'>'  reduce 39
	'<'  reduce 39
	']'  reduce 39
	')'  reduce 39


state 117
	expresion : expresion . '[' expresion ']'  (29)
	expresion : expresion . '.' ID  (30)
	operacion : expresion . '+' expresion  (33)
	operacion : expresion . '*' expresion  (34)
	operacion : expresion . '-' expresion  (35)
	operacion : expresion . '/' expresion  (36)
	operacion : expresion . '%' expresion  (37)
	operacion : expresion . '>' expresion  (38)
	operacion : expresion . MAYORIGUAL expresion  (39)
	operacion : expresion . IGUAL expresion  (40)
	operacion : expresion . DISTINTO expresion  (41)
	operacion : expresion . '<' expresion  (42)
	operacion : expresion . MENORIGUAL expresion  (43)
	operacion : expresion MENORIGUAL expresion .  (43)
	operacion : expresion . AND expresion  (44)
	operacion : expresion . OR expresion  (45)

	'+'  shift 95
	'-'  shift 96
	'*'  shift 97
	'/'  shift 98
	'%'  shift 99
	'['  shift 100
	'.'  shift 101
	AND  reduce 43
	DISTINTO  reduce 43
	MAYORIGUAL  reduce 43
	MENORIGUAL  reduce 43
	OR  reduce 43
	IGUAL  reduce 43
	PUNTOYCOMA  reduce 43
	COMA  reduce 43
	'='  reduce 43
	'>'  reduce 43
	'<'  reduce 43
	']'  reduce 43
	')'  reduce 43


state 118
	expresion : expresion . '[' expresion ']'  (29)
	expresion : expresion . '.' ID  (30)
	operacion : expresion . '+' expresion  (33)
	operacion : expresion . '*' expresion  (34)
	operacion : expresion . '-' expresion  (35)
	operacion : expresion . '/' expresion  (36)
	operacion : expresion . '%' expresion  (37)
	operacion : expresion . '>' expresion  (38)
	operacion : expresion . MAYORIGUAL expresion  (39)
	operacion : expresion . IGUAL expresion  (40)
	operacion : expresion . DISTINTO expresion  (41)
	operacion : expresion . '<' expresion  (42)
	operacion : expresion . MENORIGUAL expresion  (43)
	operacion : expresion . AND expresion  (44)
	operacion : expresion . OR expresion  (45)
	operacion : expresion OR expresion .  (45)

	DISTINTO  shift 87
	MAYORIGUAL  shift 88
	MENORIGUAL  shift 89
	IGUAL  shift 91
	'>'  shift 93
	'<'  shift 94
	'+'  shift 95
	'-'  shift 96
	'*'  shift 97
	'/'  shift 98
	'%'  shift 99
	'['  shift 100
	'.'  shift 101
	AND  reduce 45
	OR  reduce 45
	PUNTOYCOMA  reduce 45
	COMA  reduce 45
	'='  reduce 45
	']'  reduce 45
	')'  reduce 45


state 119
	expresion : expresion . '[' expresion ']'  (29)
	expresion : expresion . '.' ID  (30)
	operacion : expresion . '+' expresion  (33)
	operacion : expresion . '*' expresion  (34)
	operacion : expresion . '-' expresion  (35)
	operacion : expresion . '/' expresion  (36)
	operacion : expresion . '%' expresion  (37)
	operacion : expresion . '>' expresion  (38)
	operacion : expresion . MAYORIGUAL expresion  (39)
	operacion : expresion . IGUAL expresion  (40)
	operacion : expresion IGUAL expresion .  (40)
	operacion : expresion . DISTINTO expresion  (41)
	operacion : expresion . '<' expresion  (42)
	operacion : expresion . MENORIGUAL expresion  (43)
	operacion : expresion . AND expresion  (44)
	operacion : expresion . OR expresion  (45)

	'+'  shift 95
	'-'  shift 96
	'*'  shift 97
	'/'  shift 98
	'%'  shift 99
	'['  shift 100
	'.'  shift 101
	AND  reduce 40
	DISTINTO  reduce 40
	MAYORIGUAL  reduce 40
	MENORIGUAL  reduce 40
	OR  reduce 40
	IGUAL  reduce 40
	PUNTOYCOMA  reduce 40
	COMA  reduce 40
	'='  reduce 40
	'>'  reduce 40
	'<'  reduce 40
	']'  reduce 40
	')'  reduce 40


state 120
	expresion : expresion . '[' expresion ']'  (29)
	expresion : expresion . '.' ID  (30)
	operacion : expresion . '+' expresion  (33)
	operacion : expresion . '*' expresion  (34)
	operacion : expresion . '-' expresion  (35)
	operacion : expresion . '/' expresion  (36)
	operacion : expresion . '%' expresion  (37)
	operacion : expresion . '>' expresion  (38)
	operacion : expresion . MAYORIGUAL expresion  (39)
	operacion : expresion . IGUAL expresion  (40)
	operacion : expresion . DISTINTO expresion  (41)
	operacion : expresion . '<' expresion  (42)
	operacion : expresion . MENORIGUAL expresion  (43)
	operacion : expresion . AND expresion  (44)
	operacion : expresion . OR expresion  (45)
	sentencia : expresion '=' expresion . PUNTOYCOMA  (58)

	AND  shift 86
	DISTINTO  shift 87
	MAYORIGUAL  shift 88
	MENORIGUAL  shift 89
	OR  shift 90
	IGUAL  shift 91
	PUNTOYCOMA  shift 136
	'>'  shift 93
	'<'  shift 94
	'+'  shift 95
	'-'  shift 96
	'*'  shift 97
	'/'  shift 98
	'%'  shift 99
	'['  shift 100
	'.'  shift 101
	.  error


state 121
	expresion : expresion . '[' expresion ']'  (29)
	expresion : expresion . '.' ID  (30)
	operacion : expresion . '+' expresion  (33)
	operacion : expresion . '*' expresion  (34)
	operacion : expresion . '-' expresion  (35)
	operacion : expresion . '/' expresion  (36)
	operacion : expresion . '%' expresion  (37)
	operacion : expresion . '>' expresion  (38)
	operacion : expresion '>' expresion .  (38)
	operacion : expresion . MAYORIGUAL expresion  (39)
	operacion : expresion . IGUAL expresion  (40)
	operacion : expresion . DISTINTO expresion  (41)
	operacion : expresion . '<' expresion  (42)
	operacion : expresion . MENORIGUAL expresion  (43)
	operacion : expresion . AND expresion  (44)
	operacion : expresion . OR expresion  (45)

	'+'  shift 95
	'-'  shift 96
	'*'  shift 97
	'/'  shift 98
	'%'  shift 99
	'['  shift 100
	'.'  shift 101
	AND  reduce 38
	DISTINTO  reduce 38
	MAYORIGUAL  reduce 38
	MENORIGUAL  reduce 38
	OR  reduce 38
	IGUAL  reduce 38
	PUNTOYCOMA  reduce 38
	COMA  reduce 38
	'='  reduce 38
	'>'  reduce 38
	'<'  reduce 38
	']'  reduce 38
	')'  reduce 38


state 122
	expresion : expresion . '[' expresion ']'  (29)
	expresion : expresion . '.' ID  (30)
	operacion : expresion . '+' expresion  (33)
	operacion : expresion . '*' expresion  (34)
	operacion : expresion . '-' expresion  (35)
	operacion : expresion . '/' expresion  (36)
	operacion : expresion . '%' expresion  (37)
	operacion : expresion . '>' expresion  (38)
	operacion : expresion . MAYORIGUAL expresion  (39)
	operacion : expresion . IGUAL expresion  (40)
	operacion : expresion . DISTINTO expresion  (41)
	operacion : expresion . '<' expresion  (42)
	operacion : expresion '<' expresion .  (42)
	operacion : expresion . MENORIGUAL expresion  (43)
	operacion : expresion . AND expresion  (44)
	operacion : expresion . OR expresion  (45)

	'+'  shift 95
	'-'  shift 96
	'*'  shift 97
	'/'  shift 98
	'%'  shift 99
	'['  shift 100
	'.'  shift 101
	AND  reduce 42
	DISTINTO  reduce 42
	MAYORIGUAL  reduce 42
	MENORIGUAL  reduce 42
	OR  reduce 42
	IGUAL  reduce 42
	PUNTOYCOMA  reduce 42
	COMA  reduce 42
	'='  reduce 42
	'>'  reduce 42
	'<'  reduce 42
	']'  reduce 42
	')'  reduce 42


state 123
	expresion : expresion . '[' expresion ']'  (29)
	expresion : expresion . '.' ID  (30)
	operacion : expresion . '+' expresion  (33)
	operacion : expresion '+' expresion .  (33)
	operacion : expresion . '*' expresion  (34)
	operacion : expresion . '-' expresion  (35)
	operacion : expresion . '/' expresion  (36)
	operacion : expresion . '%' expresion  (37)
	operacion : expresion . '>' expresion  (38)
	operacion : expresion . MAYORIGUAL expresion  (39)
	operacion : expresion . IGUAL expresion  (40)
	operacion : expresion . DISTINTO expresion  (41)
	operacion : expresion . '<' expresion  (42)
	operacion : expresion . MENORIGUAL expresion  (43)
	operacion : expresion . AND expresion  (44)
	operacion : expresion . OR expresion  (45)

	'*'  shift 97
	'/'  shift 98
	'%'  shift 99
	'['  shift 100
	'.'  shift 101
	AND  reduce 33
	DISTINTO  reduce 33
	MAYORIGUAL  reduce 33
	MENORIGUAL  reduce 33
	OR  reduce 33
	IGUAL  reduce 33
	PUNTOYCOMA  reduce 33
	COMA  reduce 33
	'='  reduce 33
	'>'  reduce 33
	'<'  reduce 33
	'+'  reduce 33
	'-'  reduce 33
	']'  reduce 33
	')'  reduce 33


state 124
	expresion : expresion . '[' expresion ']'  (29)
	expresion : expresion . '.' ID  (30)
	operacion : expresion . '+' expresion  (33)
	operacion : expresion . '*' expresion  (34)
	operacion : expresion . '-' expresion  (35)
	operacion : expresion '-' expresion .  (35)
	operacion : expresion . '/' expresion  (36)
	operacion : expresion . '%' expresion  (37)
	operacion : expresion . '>' expresion  (38)
	operacion : expresion . MAYORIGUAL expresion  (39)
	operacion : expresion . IGUAL expresion  (40)
	operacion : expresion . DISTINTO expresion  (41)
	operacion : expresion . '<' expresion  (42)
	operacion : expresion . MENORIGUAL expresion  (43)
	operacion : expresion . AND expresion  (44)
	operacion : expresion . OR expresion  (45)

	'*'  shift 97
	'/'  shift 98
	'%'  shift 99
	'['  shift 100
	'.'  shift 101
	AND  reduce 35
	DISTINTO  reduce 35
	MAYORIGUAL  reduce 35
	MENORIGUAL  reduce 35
	OR  reduce 35
	IGUAL  reduce 35
	PUNTOYCOMA  reduce 35
	COMA  reduce 35
	'='  reduce 35
	'>'  reduce 35
	'<'  reduce 35
	'+'  reduce 35
	'-'  reduce 35
	']'  reduce 35
	')'  reduce 35


state 125
	expresion : expresion . '[' expresion ']'  (29)
	expresion : expresion . '.' ID  (30)
	operacion : expresion . '+' expresion  (33)
	operacion : expresion . '*' expresion  (34)
	operacion : expresion '*' expresion .  (34)
	operacion : expresion . '-' expresion  (35)
	operacion : expresion . '/' expresion  (36)
	operacion : expresion . '%' expresion  (37)
	operacion : expresion . '>' expresion  (38)
	operacion : expresion . MAYORIGUAL expresion  (39)
	operacion : expresion . IGUAL expresion  (40)
	operacion : expresion . DISTINTO expresion  (41)
	operacion : expresion . '<' expresion  (42)
	operacion : expresion . MENORIGUAL expresion  (43)
	operacion : expresion . AND expresion  (44)
	operacion : expresion . OR expresion  (45)

	'['  shift 100
	'.'  shift 101
	AND  reduce 34
	DISTINTO  reduce 34
	MAYORIGUAL  reduce 34
	MENORIGUAL  reduce 34
	OR  reduce 34
	IGUAL  reduce 34
	PUNTOYCOMA  reduce 34
	COMA  reduce 34
	'='  reduce 34
	'>'  reduce 34
	'<'  reduce 34
	'+'  reduce 34
	'-'  reduce 34
	'*'  reduce 34
	'/'  reduce 34
	'%'  reduce 34
	']'  reduce 34
	')'  reduce 34


state 126
	expresion : expresion . '[' expresion ']'  (29)
	expresion : expresion . '.' ID  (30)
	operacion : expresion . '+' expresion  (33)
	operacion : expresion . '*' expresion  (34)
	operacion : expresion . '-' expresion  (35)
	operacion : expresion . '/' expresion  (36)
	operacion : expresion '/' expresion .  (36)
	operacion : expresion . '%' expresion  (37)
	operacion : expresion . '>' expresion  (38)
	operacion : expresion . MAYORIGUAL expresion  (39)
	operacion : expresion . IGUAL expresion  (40)
	operacion : expresion . DISTINTO expresion  (41)
	operacion : expresion . '<' expresion  (42)
	operacion : expresion . MENORIGUAL expresion  (43)
	operacion : expresion . AND expresion  (44)
	operacion : expresion . OR expresion  (45)

	'['  shift 100
	'.'  shift 101
	AND  reduce 36
	DISTINTO  reduce 36
	MAYORIGUAL  reduce 36
	MENORIGUAL  reduce 36
	OR  reduce 36
	IGUAL  reduce 36
	PUNTOYCOMA  reduce 36
	COMA  reduce 36
	'='  reduce 36
	'>'  reduce 36
	'<'  reduce 36
	'+'  reduce 36
	'-'  reduce 36
	'*'  reduce 36
	'/'  reduce 36
	'%'  reduce 36
	']'  reduce 36
	')'  reduce 36


state 127
	expresion : expresion . '[' expresion ']'  (29)
	expresion : expresion . '.' ID  (30)
	operacion : expresion . '+' expresion  (33)
	operacion : expresion . '*' expresion  (34)
	operacion : expresion . '-' expresion  (35)
	operacion : expresion . '/' expresion  (36)
	operacion : expresion . '%' expresion  (37)
	operacion : expresion '%' expresion .  (37)
	operacion : expresion . '>' expresion  (38)
	operacion : expresion . MAYORIGUAL expresion  (39)
	operacion : expresion . IGUAL expresion  (40)
	operacion : expresion . DISTINTO expresion  (41)
	operacion : expresion . '<' expresion  (42)
	operacion : expresion . MENORIGUAL expresion  (43)
	operacion : expresion . AND expresion  (44)
	operacion : expresion . OR expresion  (45)

	'['  shift 100
	'.'  shift 101
	AND  reduce 37
	DISTINTO  reduce 37
	MAYORIGUAL  reduce 37
	MENORIGUAL  reduce 37
	OR  reduce 37
	IGUAL  reduce 37
	PUNTOYCOMA  reduce 37
	COMA  reduce 37
	'='  reduce 37
	'>'  reduce 37
	'<'  reduce 37
	'+'  reduce 37
	'-'  reduce 37
	'*'  reduce 37
	'/'  reduce 37
	'%'  reduce 37
	']'  reduce 37
	')'  reduce 37


state 128
	expresion : expresion . '[' expresion ']'  (29)
	expresion : expresion '[' expresion . ']'  (29)
	expresion : expresion . '.' ID  (30)
	operacion : expresion . '+' expresion  (33)
	operacion : expresion . '*' expresion  (34)
	operacion : expresion . '-' expresion  (35)
	operacion : expresion . '/' expresion  (36)
	operacion : expresion . '%' expresion  (37)
	operacion : expresion . '>' expresion  (38)
	operacion : expresion . MAYORIGUAL expresion  (39)
	operacion : expresion . IGUAL expresion  (40)
	operacion : expresion . DISTINTO expresion  (41)
	operacion : expresion . '<' expresion  (42)
	operacion : expresion . MENORIGUAL expresion  (43)
	operacion : expresion . AND expresion  (44)
	operacion : expresion . OR expresion  (45)

	AND  shift 86
	DISTINTO  shift 87
	MAYORIGUAL  shift 88
	MENORIGUAL  shift 89
	OR  shift 90
	IGUAL  shift 91
	'>'  shift 93
	'<'  shift 94
	'+'  shift 95
	'-'  shift 96
	'*'  shift 97
	'/'  shift 98
	'%'  shift 99
	'['  shift 100
	']'  shift 137
	'.'  shift 101
	.  error


state 129
	expresion : expresion '.' ID .  (30)

	.  reduce 30


state 130
	expresion : ID '(' argumentos ')' .  (31)
	sentencia : ID '(' argumentos ')' . PUNTOYCOMA  (59)

	PUNTOYCOMA  shift 138
	AND  reduce 31
	DISTINTO  reduce 31
	MAYORIGUAL  reduce 31
	MENORIGUAL  reduce 31
	OR  reduce 31
	IGUAL  reduce 31
	'='  reduce 31
	'>'  reduce 31
	'<'  reduce 31
	'+'  reduce 31
	'-'  reduce 31
	'*'  reduce 31
	'/'  reduce 31
	'%'  reduce 31
	'['  reduce 31
	'.'  reduce 31


state 131
	sentencia : WHILE '(' expresion ')' . cuerpo  (54)

	CTE_ENTERA  shift 56
	CTE_REAL  shift 57
	CTE_CARACTER  shift 58
	ID  shift 59
	WHILE  shift 60
	IF  shift 61
	READ  shift 62
	WRITE  shift 63
	RETURN  shift 64
	'!'  shift 65
	'-'  shift 66
	'('  shift 67
	'{'  shift 139
	.  error

	expresion  goto 69
	operacion  goto 70
	sentencia  goto 140
	cuerpo  goto 141


state 132
	sentencia : IF '(' expresion ')' . cuerpo  (55)
	sentencia : IF '(' expresion ')' . cuerpo ELSE cuerpo  (56)

	CTE_ENTERA  shift 56
	CTE_REAL  shift 57
	CTE_CARACTER  shift 58
	ID  shift 59
	WHILE  shift 60
	IF  shift 61
	READ  shift 62
	WRITE  shift 63
	RETURN  shift 64
	'!'  shift 65
	'-'  shift 66
	'('  shift 67
	'{'  shift 139
	.  error

	expresion  goto 69
	operacion  goto 70
	sentencia  goto 140
	cuerpo  goto 142


state 133
	expresion : ID '(' argumentos . ')'  (31)

	')'  shift 143
	.  error


state 134
	listaExpresiones : listaExpresiones COMA expresion .  (22)
	expresion : expresion . '[' expresion ']'  (29)
	expresion : expresion . '.' ID  (30)
	operacion : expresion . '+' expresion  (33)
	operacion : expresion . '*' expresion  (34)
	operacion : expresion . '-' expresion  (35)
	operacion : expresion . '/' expresion  (36)
	operacion : expresion . '%' expresion  (37)
	operacion : expresion . '>' expresion  (38)
	operacion : expresion . MAYORIGUAL expresion  (39)
	operacion : expresion . IGUAL expresion  (40)
	operacion : expresion . DISTINTO expresion  (41)
	operacion : expresion . '<' expresion  (42)
	operacion : expresion . MENORIGUAL expresion  (43)
	operacion : expresion . AND expresion  (44)
	operacion : expresion . OR expresion  (45)

	AND  shift 86
	DISTINTO  shift 87
	MAYORIGUAL  shift 88
	MENORIGUAL  shift 89
	OR  shift 90
	IGUAL  shift 91
	'>'  shift 93
	'<'  shift 94
	'+'  shift 95
	'-'  shift 96
	'*'  shift 97
	'/'  shift 98
	'%'  shift 99
	'['  shift 100
	'.'  shift 101
	PUNTOYCOMA  reduce 22
	COMA  reduce 22
	')'  reduce 22


state 135
	expresion : '(' tipo ')' expresion .  (28)
	expresion : expresion . '[' expresion ']'  (29)
	expresion : expresion . '.' ID  (30)
	operacion : expresion . '+' expresion  (33)
	operacion : expresion . '*' expresion  (34)
	operacion : expresion . '-' expresion  (35)
	operacion : expresion . '/' expresion  (36)
	operacion : expresion . '%' expresion  (37)
	operacion : expresion . '>' expresion  (38)
	operacion : expresion . MAYORIGUAL expresion  (39)
	operacion : expresion . IGUAL expresion  (40)
	operacion : expresion . DISTINTO expresion  (41)
	operacion : expresion . '<' expresion  (42)
	operacion : expresion . MENORIGUAL expresion  (43)
	operacion : expresion . AND expresion  (44)
	operacion : expresion . OR expresion  (45)

	'.'  shift 101
	AND  reduce 28
	DISTINTO  reduce 28
	MAYORIGUAL  reduce 28
	MENORIGUAL  reduce 28
	OR  reduce 28
	IGUAL  reduce 28
	PUNTOYCOMA  reduce 28
	COMA  reduce 28
	'='  reduce 28
	'>'  reduce 28
	'<'  reduce 28
	'+'  reduce 28
	'-'  reduce 28
	'*'  reduce 28
	'/'  reduce 28
	'%'  reduce 28
	'['  reduce 28
	']'  reduce 28
	')'  reduce 28


state 136
	sentencia : expresion '=' expresion PUNTOYCOMA .  (58)

	.  reduce 58


state 137
	expresion : expresion '[' expresion ']' .  (29)

	.  reduce 29


state 138
	sentencia : ID '(' argumentos ')' PUNTOYCOMA .  (59)

	.  reduce 59


state 139
	cuerpo : '{' . listaSentencias '}'  (60)
	listaSentencias : .  (51)

	.  reduce 51

	listaSentencias  goto 144


state 140
	cuerpo : sentencia .  (61)

	.  reduce 61


state 141
	sentencia : WHILE '(' expresion ')' cuerpo .  (54)

	.  reduce 54


142: shift/reduce conflict (shift 145, reduce 55) on ELSE
state 142
	sentencia : IF '(' expresion ')' cuerpo .  (55)
	sentencia : IF '(' expresion ')' cuerpo . ELSE cuerpo  (56)

	ELSE  shift 145
	CTE_ENTERA  reduce 55
	CTE_REAL  reduce 55
	CTE_CARACTER  reduce 55
	ID  reduce 55
	WHILE  reduce 55
	IF  reduce 55
	READ  reduce 55
	WRITE  reduce 55
	RETURN  reduce 55
	'!'  reduce 55
	'-'  reduce 55
	'('  reduce 55
	'}'  reduce 55


state 143
	expresion : ID '(' argumentos ')' .  (31)

	.  reduce 31


state 144
	listaSentencias : listaSentencias . sentencia  (50)
	cuerpo : '{' listaSentencias . '}'  (60)

	CTE_ENTERA  shift 56
	CTE_REAL  shift 57
	CTE_CARACTER  shift 58
	ID  shift 59
	WHILE  shift 60
	IF  shift 61
	READ  shift 62
	WRITE  shift 63
	RETURN  shift 64
	'!'  shift 65
	'-'  shift 66
	'('  shift 67
	'}'  shift 146
	.  error

	expresion  goto 69
	operacion  goto 70
	sentencia  goto 71


state 145
	sentencia : IF '(' expresion ')' cuerpo ELSE . cuerpo  (56)

	CTE_ENTERA  shift 56
	CTE_REAL  shift 57
	CTE_CARACTER  shift 58
	ID  shift 59
	WHILE  shift 60
	IF  shift 61
	READ  shift 62
	WRITE  shift 63
	RETURN  shift 64
	'!'  shift 65
	'-'  shift 66
	'('  shift 67
	'{'  shift 139
	.  error

	expresion  goto 69
	operacion  goto 70
	sentencia  goto 140
	cuerpo  goto 147


state 146
	cuerpo : '{' listaSentencias '}' .  (60)

	.  reduce 60


state 147
	sentencia : IF '(' expresion ')' cuerpo ELSE cuerpo .  (56)

	.  reduce 56


State 142 contains 1 shift/reduce conflict.


44 terminals, 22 nonterminals
69 grammar rules, 148 states
